2016-04-10 11:01:07,070 - SimpleLog4JLogSystem initialized using logfile 'velocity.log'
2016-04-10 11:01:07,070 - ************************************************************** 
2016-04-10 11:01:07,070 - Starting Jakarta Velocity v1.4
2016-04-10 11:01:07,070 - RuntimeInstance initializing.
2016-04-10 11:01:07,070 - Default Properties File: org/apache/velocity/runtime/defaults/velocity.properties
2016-04-10 11:01:07,070 - Trying to use logger class org.apache.velocity.runtime.log.SimpleLog4JLogSystem
2016-04-10 11:01:07,070 - Using logger class org.apache.velocity.runtime.log.SimpleLog4JLogSystem
2016-04-10 11:01:07,073 - Default ResourceManager initializing. (class org.apache.velocity.runtime.resource.ResourceManagerImpl)
2016-04-10 11:01:07,076 - Resource Loader Instantiated: org.apache.velocity.runtime.resource.loader.ClasspathResourceLoader
2016-04-10 11:01:07,076 - ClasspathResourceLoader : initialization starting.
2016-04-10 11:01:07,076 - ClasspathResourceLoader : initialization complete.
2016-04-10 11:01:07,078 - ResourceCache : initialized. (class org.apache.velocity.runtime.resource.ResourceCacheImpl)
2016-04-10 11:01:07,078 - Default ResourceManager initialization complete.
2016-04-10 11:01:07,080 - Loaded System Directive: org.apache.velocity.runtime.directive.Literal
2016-04-10 11:01:07,082 - Loaded System Directive: org.apache.velocity.runtime.directive.Macro
2016-04-10 11:01:07,085 - Loaded System Directive: org.apache.velocity.runtime.directive.Parse
2016-04-10 11:01:07,087 - Loaded System Directive: org.apache.velocity.runtime.directive.Include
2016-04-10 11:01:07,088 - Loaded System Directive: org.apache.velocity.runtime.directive.Foreach
2016-04-10 11:01:07,131 - Created: 20 parsers.
2016-04-10 11:01:07,139 - Velocimacro : initialization starting.
2016-04-10 11:01:07,139 - Velocimacro : adding VMs from VM library template : VM_global_library.vm
2016-04-10 11:01:07,142 - ResourceManager : unable to find resource 'VM_global_library.vm' in any resource loader.
2016-04-10 11:01:07,142 - Velocimacro : error using  VM library template VM_global_library.vm : org.apache.velocity.exception.ResourceNotFoundException: Unable to find resource 'VM_global_library.vm'
2016-04-10 11:01:07,142 - Velocimacro :  VM library template macro registration complete.
2016-04-10 11:01:07,142 - Velocimacro : allowInline = true : VMs can be defined inline in templates
2016-04-10 11:01:07,142 - Velocimacro : allowInlineToOverride = false : VMs defined inline may NOT replace previous VM definitions
2016-04-10 11:01:07,142 - Velocimacro : allowInlineLocal = false : VMs defined inline will be  global in scope if allowed.
2016-04-10 11:01:07,143 - Velocimacro : messages on  : VM system will output logging messages
2016-04-10 11:01:07,143 - Velocimacro : autoload off  : VM system will not automatically reload global library macros
2016-04-10 11:01:07,143 - Velocimacro : initialization complete.
2016-04-10 11:01:07,143 - Velocity successfully started.
2016-04-10 11:41:11,082 - SimpleLog4JLogSystem initialized using logfile 'velocity.log'
2016-04-10 11:41:11,082 - ************************************************************** 
2016-04-10 11:41:11,082 - Starting Jakarta Velocity v1.4
2016-04-10 11:41:11,082 - RuntimeInstance initializing.
2016-04-10 11:41:11,082 - Default Properties File: org/apache/velocity/runtime/defaults/velocity.properties
2016-04-10 11:41:11,082 - Trying to use logger class org.apache.velocity.runtime.log.SimpleLog4JLogSystem
2016-04-10 11:41:11,082 - Using logger class org.apache.velocity.runtime.log.SimpleLog4JLogSystem
2016-04-10 11:41:11,085 - Default ResourceManager initializing. (class org.apache.velocity.runtime.resource.ResourceManagerImpl)
2016-04-10 11:41:11,088 - Resource Loader Instantiated: org.apache.velocity.runtime.resource.loader.ClasspathResourceLoader
2016-04-10 11:41:11,088 - ClasspathResourceLoader : initialization starting.
2016-04-10 11:41:11,088 - ClasspathResourceLoader : initialization complete.
2016-04-10 11:41:11,089 - ResourceCache : initialized. (class org.apache.velocity.runtime.resource.ResourceCacheImpl)
2016-04-10 11:41:11,089 - Default ResourceManager initialization complete.
2016-04-10 11:41:11,091 - Loaded System Directive: org.apache.velocity.runtime.directive.Literal
2016-04-10 11:41:11,092 - Loaded System Directive: org.apache.velocity.runtime.directive.Macro
2016-04-10 11:41:11,095 - Loaded System Directive: org.apache.velocity.runtime.directive.Parse
2016-04-10 11:41:11,096 - Loaded System Directive: org.apache.velocity.runtime.directive.Include
2016-04-10 11:41:11,098 - Loaded System Directive: org.apache.velocity.runtime.directive.Foreach
2016-04-10 11:41:11,122 - Created: 20 parsers.
2016-04-10 11:41:11,130 - Velocimacro : initialization starting.
2016-04-10 11:41:11,130 - Velocimacro : adding VMs from VM library template : VM_global_library.vm
2016-04-10 11:41:11,133 - ResourceManager : unable to find resource 'VM_global_library.vm' in any resource loader.
2016-04-10 11:41:11,134 - Velocimacro : error using  VM library template VM_global_library.vm : org.apache.velocity.exception.ResourceNotFoundException: Unable to find resource 'VM_global_library.vm'
2016-04-10 11:41:11,134 - Velocimacro :  VM library template macro registration complete.
2016-04-10 11:41:11,134 - Velocimacro : allowInline = true : VMs can be defined inline in templates
2016-04-10 11:41:11,134 - Velocimacro : allowInlineToOverride = false : VMs defined inline may NOT replace previous VM definitions
2016-04-10 11:41:11,134 - Velocimacro : allowInlineLocal = false : VMs defined inline will be  global in scope if allowed.
2016-04-10 11:41:11,134 - Velocimacro : messages on  : VM system will output logging messages
2016-04-10 11:41:11,134 - Velocimacro : autoload off  : VM system will not automatically reload global library macros
2016-04-10 11:41:11,134 - Velocimacro : initialization complete.
2016-04-10 11:41:11,134 - Velocity successfully started.
2016-04-10 11:51:08,845 - SimpleLog4JLogSystem initialized using logfile 'velocity.log'
2016-04-10 11:51:08,845 - ************************************************************** 
2016-04-10 11:51:08,845 - Starting Jakarta Velocity v1.4
2016-04-10 11:51:08,845 - RuntimeInstance initializing.
2016-04-10 11:51:08,845 - Default Properties File: org/apache/velocity/runtime/defaults/velocity.properties
2016-04-10 11:51:08,845 - Trying to use logger class org.apache.velocity.runtime.log.SimpleLog4JLogSystem
2016-04-10 11:51:08,845 - Using logger class org.apache.velocity.runtime.log.SimpleLog4JLogSystem
2016-04-10 11:51:08,848 - Default ResourceManager initializing. (class org.apache.velocity.runtime.resource.ResourceManagerImpl)
2016-04-10 11:51:08,850 - Resource Loader Instantiated: org.apache.velocity.runtime.resource.loader.ClasspathResourceLoader
2016-04-10 11:51:08,850 - ClasspathResourceLoader : initialization starting.
2016-04-10 11:51:08,851 - ClasspathResourceLoader : initialization complete.
2016-04-10 11:51:08,852 - ResourceCache : initialized. (class org.apache.velocity.runtime.resource.ResourceCacheImpl)
2016-04-10 11:51:08,852 - Default ResourceManager initialization complete.
2016-04-10 11:51:08,853 - Loaded System Directive: org.apache.velocity.runtime.directive.Literal
2016-04-10 11:51:08,855 - Loaded System Directive: org.apache.velocity.runtime.directive.Macro
2016-04-10 11:51:08,857 - Loaded System Directive: org.apache.velocity.runtime.directive.Parse
2016-04-10 11:51:08,859 - Loaded System Directive: org.apache.velocity.runtime.directive.Include
2016-04-10 11:51:08,860 - Loaded System Directive: org.apache.velocity.runtime.directive.Foreach
2016-04-10 11:51:08,898 - Created: 20 parsers.
2016-04-10 11:51:08,909 - Velocimacro : initialization starting.
2016-04-10 11:51:08,909 - Velocimacro : adding VMs from VM library template : VM_global_library.vm
2016-04-10 11:51:08,912 - ResourceManager : unable to find resource 'VM_global_library.vm' in any resource loader.
2016-04-10 11:51:08,912 - Velocimacro : error using  VM library template VM_global_library.vm : org.apache.velocity.exception.ResourceNotFoundException: Unable to find resource 'VM_global_library.vm'
2016-04-10 11:51:08,912 - Velocimacro :  VM library template macro registration complete.
2016-04-10 11:51:08,912 - Velocimacro : allowInline = true : VMs can be defined inline in templates
2016-04-10 11:51:08,912 - Velocimacro : allowInlineToOverride = false : VMs defined inline may NOT replace previous VM definitions
2016-04-10 11:51:08,912 - Velocimacro : allowInlineLocal = false : VMs defined inline will be  global in scope if allowed.
2016-04-10 11:51:08,912 - Velocimacro : messages on  : VM system will output logging messages
2016-04-10 11:51:08,912 - Velocimacro : autoload off  : VM system will not automatically reload global library macros
2016-04-10 11:51:08,912 - Velocimacro : initialization complete.
2016-04-10 11:51:08,912 - Velocity successfully started.
2016-04-10 11:55:26,657 - ResourceManager : found repast/simphony/parameter/parameters.vt with loader org.apache.velocity.runtime.resource.loader.ClasspathResourceLoader
2016-04-10 11:55:52,918 - SimpleLog4JLogSystem initialized using logfile 'velocity.log'
2016-04-10 11:55:52,919 - ************************************************************** 
2016-04-10 11:55:52,919 - Starting Jakarta Velocity v1.4
2016-04-10 11:55:52,919 - RuntimeInstance initializing.
2016-04-10 11:55:52,919 - Default Properties File: org/apache/velocity/runtime/defaults/velocity.properties
2016-04-10 11:55:52,919 - Trying to use logger class org.apache.velocity.runtime.log.SimpleLog4JLogSystem
2016-04-10 11:55:52,919 - Using logger class org.apache.velocity.runtime.log.SimpleLog4JLogSystem
2016-04-10 11:55:52,923 - Default ResourceManager initializing. (class org.apache.velocity.runtime.resource.ResourceManagerImpl)
2016-04-10 11:55:52,926 - Resource Loader Instantiated: org.apache.velocity.runtime.resource.loader.ClasspathResourceLoader
2016-04-10 11:55:52,926 - ClasspathResourceLoader : initialization starting.
2016-04-10 11:55:52,926 - ClasspathResourceLoader : initialization complete.
2016-04-10 11:55:52,928 - ResourceCache : initialized. (class org.apache.velocity.runtime.resource.ResourceCacheImpl)
2016-04-10 11:55:52,928 - Default ResourceManager initialization complete.
2016-04-10 11:55:52,930 - Loaded System Directive: org.apache.velocity.runtime.directive.Literal
2016-04-10 11:55:52,932 - Loaded System Directive: org.apache.velocity.runtime.directive.Macro
2016-04-10 11:55:52,935 - Loaded System Directive: org.apache.velocity.runtime.directive.Parse
2016-04-10 11:55:52,937 - Loaded System Directive: org.apache.velocity.runtime.directive.Include
2016-04-10 11:55:52,939 - Loaded System Directive: org.apache.velocity.runtime.directive.Foreach
2016-04-10 11:55:52,970 - Created: 20 parsers.
2016-04-10 11:55:52,976 - Velocimacro : initialization starting.
2016-04-10 11:55:52,976 - Velocimacro : adding VMs from VM library template : VM_global_library.vm
2016-04-10 11:55:52,979 - ResourceManager : unable to find resource 'VM_global_library.vm' in any resource loader.
2016-04-10 11:55:52,979 - Velocimacro : error using  VM library template VM_global_library.vm : org.apache.velocity.exception.ResourceNotFoundException: Unable to find resource 'VM_global_library.vm'
2016-04-10 11:55:52,979 - Velocimacro :  VM library template macro registration complete.
2016-04-10 11:55:52,979 - Velocimacro : allowInline = true : VMs can be defined inline in templates
2016-04-10 11:55:52,979 - Velocimacro : allowInlineToOverride = false : VMs defined inline may NOT replace previous VM definitions
2016-04-10 11:55:52,979 - Velocimacro : allowInlineLocal = false : VMs defined inline will be  global in scope if allowed.
2016-04-10 11:55:52,979 - Velocimacro : messages on  : VM system will output logging messages
2016-04-10 11:55:52,979 - Velocimacro : autoload off  : VM system will not automatically reload global library macros
2016-04-10 11:55:52,979 - Velocimacro : initialization complete.
2016-04-10 11:55:52,979 - Velocity successfully started.
2016-04-10 11:57:58,330 - ResourceManager : found repast/simphony/parameter/parameters.vt with loader org.apache.velocity.runtime.resource.loader.ClasspathResourceLoader
2016-04-10 11:58:08,748 - ResourceManager : found repast/simphony/parameter/parameters.vt with loader org.apache.velocity.runtime.resource.loader.ClasspathResourceLoader
2016-04-10 11:59:33,072 - ResourceManager : found repast/simphony/scenario/Scenario.vt with loader org.apache.velocity.runtime.resource.loader.ClasspathResourceLoader
2016-04-10 11:59:37,678 - ResourceManager : found repast/simphony/scenario/Scenario.vt with loader org.apache.velocity.runtime.resource.loader.ClasspathResourceLoader
2016-04-10 11:59:38,127 - ResourceManager : found repast/simphony/scenario/Scenario.vt with loader org.apache.velocity.runtime.resource.loader.ClasspathResourceLoader
2016-04-10 11:59:38,325 - ResourceManager : found repast/simphony/scenario/Scenario.vt with loader org.apache.velocity.runtime.resource.loader.ClasspathResourceLoader
2016-04-10 11:59:45,793 - ResourceManager : found repast/simphony/scenario/Scenario.vt with loader org.apache.velocity.runtime.resource.loader.ClasspathResourceLoader
2016-04-10 12:01:56,813 - SimpleLog4JLogSystem initialized using logfile 'velocity.log'
2016-04-10 12:01:56,813 - ************************************************************** 
2016-04-10 12:01:56,813 - Starting Jakarta Velocity v1.4
2016-04-10 12:01:56,813 - RuntimeInstance initializing.
2016-04-10 12:01:56,813 - Default Properties File: org/apache/velocity/runtime/defaults/velocity.properties
2016-04-10 12:01:56,813 - Trying to use logger class org.apache.velocity.runtime.log.SimpleLog4JLogSystem
2016-04-10 12:01:56,813 - Using logger class org.apache.velocity.runtime.log.SimpleLog4JLogSystem
2016-04-10 12:01:56,816 - Default ResourceManager initializing. (class org.apache.velocity.runtime.resource.ResourceManagerImpl)
2016-04-10 12:01:56,819 - Resource Loader Instantiated: org.apache.velocity.runtime.resource.loader.ClasspathResourceLoader
2016-04-10 12:01:56,819 - ClasspathResourceLoader : initialization starting.
2016-04-10 12:01:56,819 - ClasspathResourceLoader : initialization complete.
2016-04-10 12:01:56,820 - ResourceCache : initialized. (class org.apache.velocity.runtime.resource.ResourceCacheImpl)
2016-04-10 12:01:56,821 - Default ResourceManager initialization complete.
2016-04-10 12:01:56,822 - Loaded System Directive: org.apache.velocity.runtime.directive.Literal
2016-04-10 12:01:56,823 - Loaded System Directive: org.apache.velocity.runtime.directive.Macro
2016-04-10 12:01:56,826 - Loaded System Directive: org.apache.velocity.runtime.directive.Parse
2016-04-10 12:01:56,827 - Loaded System Directive: org.apache.velocity.runtime.directive.Include
2016-04-10 12:01:56,828 - Loaded System Directive: org.apache.velocity.runtime.directive.Foreach
2016-04-10 12:01:56,862 - Created: 20 parsers.
2016-04-10 12:01:56,872 - Velocimacro : initialization starting.
2016-04-10 12:01:56,872 - Velocimacro : adding VMs from VM library template : VM_global_library.vm
2016-04-10 12:01:56,875 - ResourceManager : unable to find resource 'VM_global_library.vm' in any resource loader.
2016-04-10 12:01:56,876 - Velocimacro : error using  VM library template VM_global_library.vm : org.apache.velocity.exception.ResourceNotFoundException: Unable to find resource 'VM_global_library.vm'
2016-04-10 12:01:56,876 - Velocimacro :  VM library template macro registration complete.
2016-04-10 12:01:56,876 - Velocimacro : allowInline = true : VMs can be defined inline in templates
2016-04-10 12:01:56,876 - Velocimacro : allowInlineToOverride = false : VMs defined inline may NOT replace previous VM definitions
2016-04-10 12:01:56,876 - Velocimacro : allowInlineLocal = false : VMs defined inline will be  global in scope if allowed.
2016-04-10 12:01:56,876 - Velocimacro : messages on  : VM system will output logging messages
2016-04-10 12:01:56,876 - Velocimacro : autoload off  : VM system will not automatically reload global library macros
2016-04-10 12:01:56,876 - Velocimacro : initialization complete.
2016-04-10 12:01:56,876 - Velocity successfully started.
2016-04-10 12:02:22,740 - SimpleLog4JLogSystem initialized using logfile 'velocity.log'
2016-04-10 12:02:22,740 - ************************************************************** 
2016-04-10 12:02:22,740 - Starting Jakarta Velocity v1.4
2016-04-10 12:02:22,740 - RuntimeInstance initializing.
2016-04-10 12:02:22,741 - Default Properties File: org/apache/velocity/runtime/defaults/velocity.properties
2016-04-10 12:02:22,741 - Trying to use logger class org.apache.velocity.runtime.log.SimpleLog4JLogSystem
2016-04-10 12:02:22,741 - Using logger class org.apache.velocity.runtime.log.SimpleLog4JLogSystem
2016-04-10 12:02:22,745 - Default ResourceManager initializing. (class org.apache.velocity.runtime.resource.ResourceManagerImpl)
2016-04-10 12:02:22,749 - Resource Loader Instantiated: org.apache.velocity.runtime.resource.loader.ClasspathResourceLoader
2016-04-10 12:02:22,749 - ClasspathResourceLoader : initialization starting.
2016-04-10 12:02:22,749 - ClasspathResourceLoader : initialization complete.
2016-04-10 12:02:22,752 - ResourceCache : initialized. (class org.apache.velocity.runtime.resource.ResourceCacheImpl)
2016-04-10 12:02:22,752 - Default ResourceManager initialization complete.
2016-04-10 12:02:22,754 - Loaded System Directive: org.apache.velocity.runtime.directive.Literal
2016-04-10 12:02:22,756 - Loaded System Directive: org.apache.velocity.runtime.directive.Macro
2016-04-10 12:02:22,760 - Loaded System Directive: org.apache.velocity.runtime.directive.Parse
2016-04-10 12:02:22,763 - Loaded System Directive: org.apache.velocity.runtime.directive.Include
2016-04-10 12:02:22,764 - Loaded System Directive: org.apache.velocity.runtime.directive.Foreach
2016-04-10 12:02:22,802 - Created: 20 parsers.
2016-04-10 12:02:22,810 - Velocimacro : initialization starting.
2016-04-10 12:02:22,810 - Velocimacro : adding VMs from VM library template : VM_global_library.vm
2016-04-10 12:02:22,815 - ResourceManager : unable to find resource 'VM_global_library.vm' in any resource loader.
2016-04-10 12:02:22,815 - Velocimacro : error using  VM library template VM_global_library.vm : org.apache.velocity.exception.ResourceNotFoundException: Unable to find resource 'VM_global_library.vm'
2016-04-10 12:02:22,815 - Velocimacro :  VM library template macro registration complete.
2016-04-10 12:02:22,815 - Velocimacro : allowInline = true : VMs can be defined inline in templates
2016-04-10 12:02:22,815 - Velocimacro : allowInlineToOverride = false : VMs defined inline may NOT replace previous VM definitions
2016-04-10 12:02:22,815 - Velocimacro : allowInlineLocal = false : VMs defined inline will be  global in scope if allowed.
2016-04-10 12:02:22,815 - Velocimacro : messages on  : VM system will output logging messages
2016-04-10 12:02:22,815 - Velocimacro : autoload off  : VM system will not automatically reload global library macros
2016-04-10 12:02:22,815 - Velocimacro : initialization complete.
2016-04-10 12:02:22,815 - Velocity successfully started.
2016-04-10 12:04:08,079 - SimpleLog4JLogSystem initialized using logfile 'velocity.log'
2016-04-10 12:04:08,079 - ************************************************************** 
2016-04-10 12:04:08,079 - Starting Jakarta Velocity v1.4
2016-04-10 12:04:08,079 - RuntimeInstance initializing.
2016-04-10 12:04:08,080 - Default Properties File: org/apache/velocity/runtime/defaults/velocity.properties
2016-04-10 12:04:08,080 - Trying to use logger class org.apache.velocity.runtime.log.SimpleLog4JLogSystem
2016-04-10 12:04:08,080 - Using logger class org.apache.velocity.runtime.log.SimpleLog4JLogSystem
2016-04-10 12:04:08,084 - Default ResourceManager initializing. (class org.apache.velocity.runtime.resource.ResourceManagerImpl)
2016-04-10 12:04:08,088 - Resource Loader Instantiated: org.apache.velocity.runtime.resource.loader.ClasspathResourceLoader
2016-04-10 12:04:08,088 - ClasspathResourceLoader : initialization starting.
2016-04-10 12:04:08,088 - ClasspathResourceLoader : initialization complete.
2016-04-10 12:04:08,090 - ResourceCache : initialized. (class org.apache.velocity.runtime.resource.ResourceCacheImpl)
2016-04-10 12:04:08,090 - Default ResourceManager initialization complete.
2016-04-10 12:04:08,092 - Loaded System Directive: org.apache.velocity.runtime.directive.Literal
2016-04-10 12:04:08,095 - Loaded System Directive: org.apache.velocity.runtime.directive.Macro
2016-04-10 12:04:08,099 - Loaded System Directive: org.apache.velocity.runtime.directive.Parse
2016-04-10 12:04:08,102 - Loaded System Directive: org.apache.velocity.runtime.directive.Include
2016-04-10 12:04:08,103 - Loaded System Directive: org.apache.velocity.runtime.directive.Foreach
2016-04-10 12:04:08,141 - Created: 20 parsers.
2016-04-10 12:04:08,148 - Velocimacro : initialization starting.
2016-04-10 12:04:08,148 - Velocimacro : adding VMs from VM library template : VM_global_library.vm
2016-04-10 12:04:08,153 - ResourceManager : unable to find resource 'VM_global_library.vm' in any resource loader.
2016-04-10 12:04:08,153 - Velocimacro : error using  VM library template VM_global_library.vm : org.apache.velocity.exception.ResourceNotFoundException: Unable to find resource 'VM_global_library.vm'
2016-04-10 12:04:08,153 - Velocimacro :  VM library template macro registration complete.
2016-04-10 12:04:08,153 - Velocimacro : allowInline = true : VMs can be defined inline in templates
2016-04-10 12:04:08,153 - Velocimacro : allowInlineToOverride = false : VMs defined inline may NOT replace previous VM definitions
2016-04-10 12:04:08,153 - Velocimacro : allowInlineLocal = false : VMs defined inline will be  global in scope if allowed.
2016-04-10 12:04:08,153 - Velocimacro : messages on  : VM system will output logging messages
2016-04-10 12:04:08,153 - Velocimacro : autoload off  : VM system will not automatically reload global library macros
2016-04-10 12:04:08,154 - Velocimacro : initialization complete.
2016-04-10 12:04:08,154 - Velocity successfully started.
2016-04-10 12:06:16,784 - SimpleLog4JLogSystem initialized using logfile 'velocity.log'
2016-04-10 12:06:16,784 - ************************************************************** 
2016-04-10 12:06:16,784 - Starting Jakarta Velocity v1.4
2016-04-10 12:06:16,784 - RuntimeInstance initializing.
2016-04-10 12:06:16,784 - Default Properties File: org/apache/velocity/runtime/defaults/velocity.properties
2016-04-10 12:06:16,784 - Trying to use logger class org.apache.velocity.runtime.log.SimpleLog4JLogSystem
2016-04-10 12:06:16,784 - Using logger class org.apache.velocity.runtime.log.SimpleLog4JLogSystem
2016-04-10 12:06:16,787 - Default ResourceManager initializing. (class org.apache.velocity.runtime.resource.ResourceManagerImpl)
2016-04-10 12:06:16,790 - Resource Loader Instantiated: org.apache.velocity.runtime.resource.loader.ClasspathResourceLoader
2016-04-10 12:06:16,790 - ClasspathResourceLoader : initialization starting.
2016-04-10 12:06:16,790 - ClasspathResourceLoader : initialization complete.
2016-04-10 12:06:16,792 - ResourceCache : initialized. (class org.apache.velocity.runtime.resource.ResourceCacheImpl)
2016-04-10 12:06:16,792 - Default ResourceManager initialization complete.
2016-04-10 12:06:16,794 - Loaded System Directive: org.apache.velocity.runtime.directive.Literal
2016-04-10 12:06:16,796 - Loaded System Directive: org.apache.velocity.runtime.directive.Macro
2016-04-10 12:06:16,799 - Loaded System Directive: org.apache.velocity.runtime.directive.Parse
2016-04-10 12:06:16,801 - Loaded System Directive: org.apache.velocity.runtime.directive.Include
2016-04-10 12:06:16,802 - Loaded System Directive: org.apache.velocity.runtime.directive.Foreach
2016-04-10 12:06:16,827 - Created: 20 parsers.
2016-04-10 12:06:16,835 - Velocimacro : initialization starting.
2016-04-10 12:06:16,835 - Velocimacro : adding VMs from VM library template : VM_global_library.vm
2016-04-10 12:06:16,840 - ResourceManager : unable to find resource 'VM_global_library.vm' in any resource loader.
2016-04-10 12:06:16,841 - Velocimacro : error using  VM library template VM_global_library.vm : org.apache.velocity.exception.ResourceNotFoundException: Unable to find resource 'VM_global_library.vm'
2016-04-10 12:06:16,841 - Velocimacro :  VM library template macro registration complete.
2016-04-10 12:06:16,841 - Velocimacro : allowInline = true : VMs can be defined inline in templates
2016-04-10 12:06:16,841 - Velocimacro : allowInlineToOverride = false : VMs defined inline may NOT replace previous VM definitions
2016-04-10 12:06:16,841 - Velocimacro : allowInlineLocal = false : VMs defined inline will be  global in scope if allowed.
2016-04-10 12:06:16,841 - Velocimacro : messages on  : VM system will output logging messages
2016-04-10 12:06:16,841 - Velocimacro : autoload off  : VM system will not automatically reload global library macros
2016-04-10 12:06:16,841 - Velocimacro : initialization complete.
2016-04-10 12:06:16,841 - Velocity successfully started.
2016-04-10 12:06:27,396 - SimpleLog4JLogSystem initialized using logfile 'velocity.log'
2016-04-10 12:06:27,396 - ************************************************************** 
2016-04-10 12:06:27,396 - Starting Jakarta Velocity v1.4
2016-04-10 12:06:27,396 - RuntimeInstance initializing.
2016-04-10 12:06:27,396 - Default Properties File: org/apache/velocity/runtime/defaults/velocity.properties
2016-04-10 12:06:27,396 - Trying to use logger class org.apache.velocity.runtime.log.SimpleLog4JLogSystem
2016-04-10 12:06:27,396 - Using logger class org.apache.velocity.runtime.log.SimpleLog4JLogSystem
2016-04-10 12:06:27,400 - Default ResourceManager initializing. (class org.apache.velocity.runtime.resource.ResourceManagerImpl)
2016-04-10 12:06:27,403 - Resource Loader Instantiated: org.apache.velocity.runtime.resource.loader.ClasspathResourceLoader
2016-04-10 12:06:27,403 - ClasspathResourceLoader : initialization starting.
2016-04-10 12:06:27,403 - ClasspathResourceLoader : initialization complete.
2016-04-10 12:06:27,405 - ResourceCache : initialized. (class org.apache.velocity.runtime.resource.ResourceCacheImpl)
2016-04-10 12:06:27,405 - Default ResourceManager initialization complete.
2016-04-10 12:06:27,407 - Loaded System Directive: org.apache.velocity.runtime.directive.Literal
2016-04-10 12:06:27,409 - Loaded System Directive: org.apache.velocity.runtime.directive.Macro
2016-04-10 12:06:27,412 - Loaded System Directive: org.apache.velocity.runtime.directive.Parse
2016-04-10 12:06:27,414 - Loaded System Directive: org.apache.velocity.runtime.directive.Include
2016-04-10 12:06:27,415 - Loaded System Directive: org.apache.velocity.runtime.directive.Foreach
2016-04-10 12:06:27,453 - Created: 20 parsers.
2016-04-10 12:06:27,461 - Velocimacro : initialization starting.
2016-04-10 12:06:27,461 - Velocimacro : adding VMs from VM library template : VM_global_library.vm
2016-04-10 12:06:27,466 - ResourceManager : unable to find resource 'VM_global_library.vm' in any resource loader.
2016-04-10 12:06:27,466 - Velocimacro : error using  VM library template VM_global_library.vm : org.apache.velocity.exception.ResourceNotFoundException: Unable to find resource 'VM_global_library.vm'
2016-04-10 12:06:27,466 - Velocimacro :  VM library template macro registration complete.
2016-04-10 12:06:27,466 - Velocimacro : allowInline = true : VMs can be defined inline in templates
2016-04-10 12:06:27,466 - Velocimacro : allowInlineToOverride = false : VMs defined inline may NOT replace previous VM definitions
2016-04-10 12:06:27,466 - Velocimacro : allowInlineLocal = false : VMs defined inline will be  global in scope if allowed.
2016-04-10 12:06:27,466 - Velocimacro : messages on  : VM system will output logging messages
2016-04-10 12:06:27,466 - Velocimacro : autoload off  : VM system will not automatically reload global library macros
2016-04-10 12:06:27,466 - Velocimacro : initialization complete.
2016-04-10 12:06:27,466 - Velocity successfully started.
2016-04-10 12:14:37,190 - SimpleLog4JLogSystem initialized using logfile 'velocity.log'
2016-04-10 12:14:37,190 - ************************************************************** 
2016-04-10 12:14:37,191 - Starting Jakarta Velocity v1.4
2016-04-10 12:14:37,191 - RuntimeInstance initializing.
2016-04-10 12:14:37,191 - Default Properties File: org/apache/velocity/runtime/defaults/velocity.properties
2016-04-10 12:14:37,191 - Trying to use logger class org.apache.velocity.runtime.log.SimpleLog4JLogSystem
2016-04-10 12:14:37,191 - Using logger class org.apache.velocity.runtime.log.SimpleLog4JLogSystem
2016-04-10 12:14:37,193 - Default ResourceManager initializing. (class org.apache.velocity.runtime.resource.ResourceManagerImpl)
2016-04-10 12:14:37,196 - Resource Loader Instantiated: org.apache.velocity.runtime.resource.loader.ClasspathResourceLoader
2016-04-10 12:14:37,196 - ClasspathResourceLoader : initialization starting.
2016-04-10 12:14:37,196 - ClasspathResourceLoader : initialization complete.
2016-04-10 12:14:37,197 - ResourceCache : initialized. (class org.apache.velocity.runtime.resource.ResourceCacheImpl)
2016-04-10 12:14:37,198 - Default ResourceManager initialization complete.
2016-04-10 12:14:37,199 - Loaded System Directive: org.apache.velocity.runtime.directive.Literal
2016-04-10 12:14:37,200 - Loaded System Directive: org.apache.velocity.runtime.directive.Macro
2016-04-10 12:14:37,203 - Loaded System Directive: org.apache.velocity.runtime.directive.Parse
2016-04-10 12:14:37,205 - Loaded System Directive: org.apache.velocity.runtime.directive.Include
2016-04-10 12:14:37,205 - Loaded System Directive: org.apache.velocity.runtime.directive.Foreach
2016-04-10 12:14:37,236 - Created: 20 parsers.
2016-04-10 12:14:37,241 - Velocimacro : initialization starting.
2016-04-10 12:14:37,241 - Velocimacro : adding VMs from VM library template : VM_global_library.vm
2016-04-10 12:14:37,244 - ResourceManager : unable to find resource 'VM_global_library.vm' in any resource loader.
2016-04-10 12:14:37,244 - Velocimacro : error using  VM library template VM_global_library.vm : org.apache.velocity.exception.ResourceNotFoundException: Unable to find resource 'VM_global_library.vm'
2016-04-10 12:14:37,244 - Velocimacro :  VM library template macro registration complete.
2016-04-10 12:14:37,244 - Velocimacro : allowInline = true : VMs can be defined inline in templates
2016-04-10 12:14:37,244 - Velocimacro : allowInlineToOverride = false : VMs defined inline may NOT replace previous VM definitions
2016-04-10 12:14:37,244 - Velocimacro : allowInlineLocal = false : VMs defined inline will be  global in scope if allowed.
2016-04-10 12:14:37,244 - Velocimacro : messages on  : VM system will output logging messages
2016-04-10 12:14:37,245 - Velocimacro : autoload off  : VM system will not automatically reload global library macros
2016-04-10 12:14:37,245 - Velocimacro : initialization complete.
2016-04-10 12:14:37,245 - Velocity successfully started.
2016-04-10 12:16:15,378 - ResourceManager : found repast/simphony/parameter/parameters.vt with loader org.apache.velocity.runtime.resource.loader.ClasspathResourceLoader
2016-04-10 12:16:36,306 - SimpleLog4JLogSystem initialized using logfile 'velocity.log'
2016-04-10 12:16:36,307 - ************************************************************** 
2016-04-10 12:16:36,307 - Starting Jakarta Velocity v1.4
2016-04-10 12:16:36,307 - RuntimeInstance initializing.
2016-04-10 12:16:36,307 - Default Properties File: org/apache/velocity/runtime/defaults/velocity.properties
2016-04-10 12:16:36,307 - Trying to use logger class org.apache.velocity.runtime.log.SimpleLog4JLogSystem
2016-04-10 12:16:36,307 - Using logger class org.apache.velocity.runtime.log.SimpleLog4JLogSystem
2016-04-10 12:16:36,310 - Default ResourceManager initializing. (class org.apache.velocity.runtime.resource.ResourceManagerImpl)
2016-04-10 12:16:36,312 - Resource Loader Instantiated: org.apache.velocity.runtime.resource.loader.ClasspathResourceLoader
2016-04-10 12:16:36,313 - ClasspathResourceLoader : initialization starting.
2016-04-10 12:16:36,313 - ClasspathResourceLoader : initialization complete.
2016-04-10 12:16:36,314 - ResourceCache : initialized. (class org.apache.velocity.runtime.resource.ResourceCacheImpl)
2016-04-10 12:16:36,314 - Default ResourceManager initialization complete.
2016-04-10 12:16:36,315 - Loaded System Directive: org.apache.velocity.runtime.directive.Literal
2016-04-10 12:16:36,317 - Loaded System Directive: org.apache.velocity.runtime.directive.Macro
2016-04-10 12:16:36,319 - Loaded System Directive: org.apache.velocity.runtime.directive.Parse
2016-04-10 12:16:36,321 - Loaded System Directive: org.apache.velocity.runtime.directive.Include
2016-04-10 12:16:36,322 - Loaded System Directive: org.apache.velocity.runtime.directive.Foreach
2016-04-10 12:16:36,359 - Created: 20 parsers.
2016-04-10 12:16:36,368 - Velocimacro : initialization starting.
2016-04-10 12:16:36,368 - Velocimacro : adding VMs from VM library template : VM_global_library.vm
2016-04-10 12:16:36,372 - ResourceManager : unable to find resource 'VM_global_library.vm' in any resource loader.
2016-04-10 12:16:36,372 - Velocimacro : error using  VM library template VM_global_library.vm : org.apache.velocity.exception.ResourceNotFoundException: Unable to find resource 'VM_global_library.vm'
2016-04-10 12:16:36,372 - Velocimacro :  VM library template macro registration complete.
2016-04-10 12:16:36,372 - Velocimacro : allowInline = true : VMs can be defined inline in templates
2016-04-10 12:16:36,372 - Velocimacro : allowInlineToOverride = false : VMs defined inline may NOT replace previous VM definitions
2016-04-10 12:16:36,372 - Velocimacro : allowInlineLocal = false : VMs defined inline will be  global in scope if allowed.
2016-04-10 12:16:36,372 - Velocimacro : messages on  : VM system will output logging messages
2016-04-10 12:16:36,372 - Velocimacro : autoload off  : VM system will not automatically reload global library macros
2016-04-10 12:16:36,372 - Velocimacro : initialization complete.
2016-04-10 12:16:36,372 - Velocity successfully started.
2016-04-10 12:17:40,753 - SimpleLog4JLogSystem initialized using logfile 'velocity.log'
2016-04-10 12:17:40,753 - ************************************************************** 
2016-04-10 12:17:40,753 - Starting Jakarta Velocity v1.4
2016-04-10 12:17:40,753 - RuntimeInstance initializing.
2016-04-10 12:17:40,753 - Default Properties File: org/apache/velocity/runtime/defaults/velocity.properties
2016-04-10 12:17:40,753 - Trying to use logger class org.apache.velocity.runtime.log.SimpleLog4JLogSystem
2016-04-10 12:17:40,753 - Using logger class org.apache.velocity.runtime.log.SimpleLog4JLogSystem
2016-04-10 12:17:40,757 - Default ResourceManager initializing. (class org.apache.velocity.runtime.resource.ResourceManagerImpl)
2016-04-10 12:17:40,760 - Resource Loader Instantiated: org.apache.velocity.runtime.resource.loader.ClasspathResourceLoader
2016-04-10 12:17:40,761 - ClasspathResourceLoader : initialization starting.
2016-04-10 12:17:40,761 - ClasspathResourceLoader : initialization complete.
2016-04-10 12:17:40,762 - ResourceCache : initialized. (class org.apache.velocity.runtime.resource.ResourceCacheImpl)
2016-04-10 12:17:40,763 - Default ResourceManager initialization complete.
2016-04-10 12:17:40,764 - Loaded System Directive: org.apache.velocity.runtime.directive.Literal
2016-04-10 12:17:40,767 - Loaded System Directive: org.apache.velocity.runtime.directive.Macro
2016-04-10 12:17:40,770 - Loaded System Directive: org.apache.velocity.runtime.directive.Parse
2016-04-10 12:17:40,772 - Loaded System Directive: org.apache.velocity.runtime.directive.Include
2016-04-10 12:17:40,774 - Loaded System Directive: org.apache.velocity.runtime.directive.Foreach
2016-04-10 12:17:40,807 - Created: 20 parsers.
2016-04-10 12:17:40,816 - Velocimacro : initialization starting.
2016-04-10 12:17:40,817 - Velocimacro : adding VMs from VM library template : VM_global_library.vm
2016-04-10 12:17:40,822 - ResourceManager : unable to find resource 'VM_global_library.vm' in any resource loader.
2016-04-10 12:17:40,822 - Velocimacro : error using  VM library template VM_global_library.vm : org.apache.velocity.exception.ResourceNotFoundException: Unable to find resource 'VM_global_library.vm'
2016-04-10 12:17:40,822 - Velocimacro :  VM library template macro registration complete.
2016-04-10 12:17:40,822 - Velocimacro : allowInline = true : VMs can be defined inline in templates
2016-04-10 12:17:40,822 - Velocimacro : allowInlineToOverride = false : VMs defined inline may NOT replace previous VM definitions
2016-04-10 12:17:40,822 - Velocimacro : allowInlineLocal = false : VMs defined inline will be  global in scope if allowed.
2016-04-10 12:17:40,822 - Velocimacro : messages on  : VM system will output logging messages
2016-04-10 12:17:40,822 - Velocimacro : autoload off  : VM system will not automatically reload global library macros
2016-04-10 12:17:40,822 - Velocimacro : initialization complete.
2016-04-10 12:17:40,822 - Velocity successfully started.
2016-04-10 12:20:57,555 - SimpleLog4JLogSystem initialized using logfile 'velocity.log'
2016-04-10 12:20:57,556 - ************************************************************** 
2016-04-10 12:20:57,556 - Starting Jakarta Velocity v1.4
2016-04-10 12:20:57,556 - RuntimeInstance initializing.
2016-04-10 12:20:57,556 - Default Properties File: org/apache/velocity/runtime/defaults/velocity.properties
2016-04-10 12:20:57,556 - Trying to use logger class org.apache.velocity.runtime.log.SimpleLog4JLogSystem
2016-04-10 12:20:57,556 - Using logger class org.apache.velocity.runtime.log.SimpleLog4JLogSystem
2016-04-10 12:20:57,559 - Default ResourceManager initializing. (class org.apache.velocity.runtime.resource.ResourceManagerImpl)
2016-04-10 12:20:57,561 - Resource Loader Instantiated: org.apache.velocity.runtime.resource.loader.ClasspathResourceLoader
2016-04-10 12:20:57,561 - ClasspathResourceLoader : initialization starting.
2016-04-10 12:20:57,561 - ClasspathResourceLoader : initialization complete.
2016-04-10 12:20:57,563 - ResourceCache : initialized. (class org.apache.velocity.runtime.resource.ResourceCacheImpl)
2016-04-10 12:20:57,563 - Default ResourceManager initialization complete.
2016-04-10 12:20:57,564 - Loaded System Directive: org.apache.velocity.runtime.directive.Literal
2016-04-10 12:20:57,566 - Loaded System Directive: org.apache.velocity.runtime.directive.Macro
2016-04-10 12:20:57,568 - Loaded System Directive: org.apache.velocity.runtime.directive.Parse
2016-04-10 12:20:57,570 - Loaded System Directive: org.apache.velocity.runtime.directive.Include
2016-04-10 12:20:57,571 - Loaded System Directive: org.apache.velocity.runtime.directive.Foreach
2016-04-10 12:20:57,601 - Created: 20 parsers.
2016-04-10 12:20:57,610 - Velocimacro : initialization starting.
2016-04-10 12:20:57,610 - Velocimacro : adding VMs from VM library template : VM_global_library.vm
2016-04-10 12:20:57,613 - ResourceManager : unable to find resource 'VM_global_library.vm' in any resource loader.
2016-04-10 12:20:57,613 - Velocimacro : error using  VM library template VM_global_library.vm : org.apache.velocity.exception.ResourceNotFoundException: Unable to find resource 'VM_global_library.vm'
2016-04-10 12:20:57,613 - Velocimacro :  VM library template macro registration complete.
2016-04-10 12:20:57,613 - Velocimacro : allowInline = true : VMs can be defined inline in templates
2016-04-10 12:20:57,613 - Velocimacro : allowInlineToOverride = false : VMs defined inline may NOT replace previous VM definitions
2016-04-10 12:20:57,613 - Velocimacro : allowInlineLocal = false : VMs defined inline will be  global in scope if allowed.
2016-04-10 12:20:57,613 - Velocimacro : messages on  : VM system will output logging messages
2016-04-10 12:20:57,613 - Velocimacro : autoload off  : VM system will not automatically reload global library macros
2016-04-10 12:20:57,613 - Velocimacro : initialization complete.
2016-04-10 12:20:57,613 - Velocity successfully started.
2016-04-10 12:22:36,912 - SimpleLog4JLogSystem initialized using logfile 'velocity.log'
2016-04-10 12:22:36,912 - ************************************************************** 
2016-04-10 12:22:36,912 - Starting Jakarta Velocity v1.4
2016-04-10 12:22:36,912 - RuntimeInstance initializing.
2016-04-10 12:22:36,912 - Default Properties File: org/apache/velocity/runtime/defaults/velocity.properties
2016-04-10 12:22:36,912 - Trying to use logger class org.apache.velocity.runtime.log.SimpleLog4JLogSystem
2016-04-10 12:22:36,912 - Using logger class org.apache.velocity.runtime.log.SimpleLog4JLogSystem
2016-04-10 12:22:36,915 - Default ResourceManager initializing. (class org.apache.velocity.runtime.resource.ResourceManagerImpl)
2016-04-10 12:22:36,917 - Resource Loader Instantiated: org.apache.velocity.runtime.resource.loader.ClasspathResourceLoader
2016-04-10 12:22:36,917 - ClasspathResourceLoader : initialization starting.
2016-04-10 12:22:36,917 - ClasspathResourceLoader : initialization complete.
2016-04-10 12:22:36,919 - ResourceCache : initialized. (class org.apache.velocity.runtime.resource.ResourceCacheImpl)
2016-04-10 12:22:36,919 - Default ResourceManager initialization complete.
2016-04-10 12:22:36,920 - Loaded System Directive: org.apache.velocity.runtime.directive.Literal
2016-04-10 12:22:36,922 - Loaded System Directive: org.apache.velocity.runtime.directive.Macro
2016-04-10 12:22:36,924 - Loaded System Directive: org.apache.velocity.runtime.directive.Parse
2016-04-10 12:22:36,926 - Loaded System Directive: org.apache.velocity.runtime.directive.Include
2016-04-10 12:22:36,927 - Loaded System Directive: org.apache.velocity.runtime.directive.Foreach
2016-04-10 12:22:36,959 - Created: 20 parsers.
2016-04-10 12:22:36,967 - Velocimacro : initialization starting.
2016-04-10 12:22:36,967 - Velocimacro : adding VMs from VM library template : VM_global_library.vm
2016-04-10 12:22:36,970 - ResourceManager : unable to find resource 'VM_global_library.vm' in any resource loader.
2016-04-10 12:22:36,970 - Velocimacro : error using  VM library template VM_global_library.vm : org.apache.velocity.exception.ResourceNotFoundException: Unable to find resource 'VM_global_library.vm'
2016-04-10 12:22:36,970 - Velocimacro :  VM library template macro registration complete.
2016-04-10 12:22:36,970 - Velocimacro : allowInline = true : VMs can be defined inline in templates
2016-04-10 12:22:36,970 - Velocimacro : allowInlineToOverride = false : VMs defined inline may NOT replace previous VM definitions
2016-04-10 12:22:36,970 - Velocimacro : allowInlineLocal = false : VMs defined inline will be  global in scope if allowed.
2016-04-10 12:22:36,970 - Velocimacro : messages on  : VM system will output logging messages
2016-04-10 12:22:36,970 - Velocimacro : autoload off  : VM system will not automatically reload global library macros
2016-04-10 12:22:36,970 - Velocimacro : initialization complete.
2016-04-10 12:22:36,970 - Velocity successfully started.
2016-04-10 12:24:30,567 - SimpleLog4JLogSystem initialized using logfile 'velocity.log'
2016-04-10 12:24:30,567 - ************************************************************** 
2016-04-10 12:24:30,567 - Starting Jakarta Velocity v1.4
2016-04-10 12:24:30,567 - RuntimeInstance initializing.
2016-04-10 12:24:30,567 - Default Properties File: org/apache/velocity/runtime/defaults/velocity.properties
2016-04-10 12:24:30,567 - Trying to use logger class org.apache.velocity.runtime.log.SimpleLog4JLogSystem
2016-04-10 12:24:30,567 - Using logger class org.apache.velocity.runtime.log.SimpleLog4JLogSystem
2016-04-10 12:24:30,570 - Default ResourceManager initializing. (class org.apache.velocity.runtime.resource.ResourceManagerImpl)
2016-04-10 12:24:30,572 - Resource Loader Instantiated: org.apache.velocity.runtime.resource.loader.ClasspathResourceLoader
2016-04-10 12:24:30,573 - ClasspathResourceLoader : initialization starting.
2016-04-10 12:24:30,573 - ClasspathResourceLoader : initialization complete.
2016-04-10 12:24:30,574 - ResourceCache : initialized. (class org.apache.velocity.runtime.resource.ResourceCacheImpl)
2016-04-10 12:24:30,574 - Default ResourceManager initialization complete.
2016-04-10 12:24:30,575 - Loaded System Directive: org.apache.velocity.runtime.directive.Literal
2016-04-10 12:24:30,577 - Loaded System Directive: org.apache.velocity.runtime.directive.Macro
2016-04-10 12:24:30,579 - Loaded System Directive: org.apache.velocity.runtime.directive.Parse
2016-04-10 12:24:30,581 - Loaded System Directive: org.apache.velocity.runtime.directive.Include
2016-04-10 12:24:30,582 - Loaded System Directive: org.apache.velocity.runtime.directive.Foreach
2016-04-10 12:24:30,617 - Created: 20 parsers.
2016-04-10 12:24:30,622 - Velocimacro : initialization starting.
2016-04-10 12:24:30,622 - Velocimacro : adding VMs from VM library template : VM_global_library.vm
2016-04-10 12:24:30,624 - ResourceManager : unable to find resource 'VM_global_library.vm' in any resource loader.
2016-04-10 12:24:30,624 - Velocimacro : error using  VM library template VM_global_library.vm : org.apache.velocity.exception.ResourceNotFoundException: Unable to find resource 'VM_global_library.vm'
2016-04-10 12:24:30,624 - Velocimacro :  VM library template macro registration complete.
2016-04-10 12:24:30,624 - Velocimacro : allowInline = true : VMs can be defined inline in templates
2016-04-10 12:24:30,624 - Velocimacro : allowInlineToOverride = false : VMs defined inline may NOT replace previous VM definitions
2016-04-10 12:24:30,624 - Velocimacro : allowInlineLocal = false : VMs defined inline will be  global in scope if allowed.
2016-04-10 12:24:30,624 - Velocimacro : messages on  : VM system will output logging messages
2016-04-10 12:24:30,624 - Velocimacro : autoload off  : VM system will not automatically reload global library macros
2016-04-10 12:24:30,625 - Velocimacro : initialization complete.
2016-04-10 12:24:30,625 - Velocity successfully started.
2016-04-10 12:26:00,938 - SimpleLog4JLogSystem initialized using logfile 'velocity.log'
2016-04-10 12:26:00,938 - ************************************************************** 
2016-04-10 12:26:00,938 - Starting Jakarta Velocity v1.4
2016-04-10 12:26:00,938 - RuntimeInstance initializing.
2016-04-10 12:26:00,938 - Default Properties File: org/apache/velocity/runtime/defaults/velocity.properties
2016-04-10 12:26:00,938 - Trying to use logger class org.apache.velocity.runtime.log.SimpleLog4JLogSystem
2016-04-10 12:26:00,938 - Using logger class org.apache.velocity.runtime.log.SimpleLog4JLogSystem
2016-04-10 12:26:00,941 - Default ResourceManager initializing. (class org.apache.velocity.runtime.resource.ResourceManagerImpl)
2016-04-10 12:26:00,943 - Resource Loader Instantiated: org.apache.velocity.runtime.resource.loader.ClasspathResourceLoader
2016-04-10 12:26:00,944 - ClasspathResourceLoader : initialization starting.
2016-04-10 12:26:00,944 - ClasspathResourceLoader : initialization complete.
2016-04-10 12:26:00,945 - ResourceCache : initialized. (class org.apache.velocity.runtime.resource.ResourceCacheImpl)
2016-04-10 12:26:00,945 - Default ResourceManager initialization complete.
2016-04-10 12:26:00,946 - Loaded System Directive: org.apache.velocity.runtime.directive.Literal
2016-04-10 12:26:00,948 - Loaded System Directive: org.apache.velocity.runtime.directive.Macro
2016-04-10 12:26:00,950 - Loaded System Directive: org.apache.velocity.runtime.directive.Parse
2016-04-10 12:26:00,952 - Loaded System Directive: org.apache.velocity.runtime.directive.Include
2016-04-10 12:26:00,953 - Loaded System Directive: org.apache.velocity.runtime.directive.Foreach
2016-04-10 12:26:00,989 - Created: 20 parsers.
2016-04-10 12:26:00,999 - Velocimacro : initialization starting.
2016-04-10 12:26:00,999 - Velocimacro : adding VMs from VM library template : VM_global_library.vm
2016-04-10 12:26:01,003 - ResourceManager : unable to find resource 'VM_global_library.vm' in any resource loader.
2016-04-10 12:26:01,003 - Velocimacro : error using  VM library template VM_global_library.vm : org.apache.velocity.exception.ResourceNotFoundException: Unable to find resource 'VM_global_library.vm'
2016-04-10 12:26:01,003 - Velocimacro :  VM library template macro registration complete.
2016-04-10 12:26:01,003 - Velocimacro : allowInline = true : VMs can be defined inline in templates
2016-04-10 12:26:01,003 - Velocimacro : allowInlineToOverride = false : VMs defined inline may NOT replace previous VM definitions
2016-04-10 12:26:01,003 - Velocimacro : allowInlineLocal = false : VMs defined inline will be  global in scope if allowed.
2016-04-10 12:26:01,003 - Velocimacro : messages on  : VM system will output logging messages
2016-04-10 12:26:01,003 - Velocimacro : autoload off  : VM system will not automatically reload global library macros
2016-04-10 12:26:01,003 - Velocimacro : initialization complete.
2016-04-10 12:26:01,003 - Velocity successfully started.
2016-04-10 12:34:10,492 - SimpleLog4JLogSystem initialized using logfile 'velocity.log'
2016-04-10 12:34:10,492 - ************************************************************** 
2016-04-10 12:34:10,492 - Starting Jakarta Velocity v1.4
2016-04-10 12:34:10,493 - RuntimeInstance initializing.
2016-04-10 12:34:10,493 - Default Properties File: org/apache/velocity/runtime/defaults/velocity.properties
2016-04-10 12:34:10,493 - Trying to use logger class org.apache.velocity.runtime.log.SimpleLog4JLogSystem
2016-04-10 12:34:10,493 - Using logger class org.apache.velocity.runtime.log.SimpleLog4JLogSystem
2016-04-10 12:34:10,495 - Default ResourceManager initializing. (class org.apache.velocity.runtime.resource.ResourceManagerImpl)
2016-04-10 12:34:10,498 - Resource Loader Instantiated: org.apache.velocity.runtime.resource.loader.ClasspathResourceLoader
2016-04-10 12:34:10,498 - ClasspathResourceLoader : initialization starting.
2016-04-10 12:34:10,498 - ClasspathResourceLoader : initialization complete.
2016-04-10 12:34:10,500 - ResourceCache : initialized. (class org.apache.velocity.runtime.resource.ResourceCacheImpl)
2016-04-10 12:34:10,500 - Default ResourceManager initialization complete.
2016-04-10 12:34:10,502 - Loaded System Directive: org.apache.velocity.runtime.directive.Literal
2016-04-10 12:34:10,503 - Loaded System Directive: org.apache.velocity.runtime.directive.Macro
2016-04-10 12:34:10,506 - Loaded System Directive: org.apache.velocity.runtime.directive.Parse
2016-04-10 12:34:10,507 - Loaded System Directive: org.apache.velocity.runtime.directive.Include
2016-04-10 12:34:10,508 - Loaded System Directive: org.apache.velocity.runtime.directive.Foreach
2016-04-10 12:34:10,547 - Created: 20 parsers.
2016-04-10 12:34:10,557 - Velocimacro : initialization starting.
2016-04-10 12:34:10,557 - Velocimacro : adding VMs from VM library template : VM_global_library.vm
2016-04-10 12:34:10,562 - ResourceManager : unable to find resource 'VM_global_library.vm' in any resource loader.
2016-04-10 12:34:10,562 - Velocimacro : error using  VM library template VM_global_library.vm : org.apache.velocity.exception.ResourceNotFoundException: Unable to find resource 'VM_global_library.vm'
2016-04-10 12:34:10,562 - Velocimacro :  VM library template macro registration complete.
2016-04-10 12:34:10,562 - Velocimacro : allowInline = true : VMs can be defined inline in templates
2016-04-10 12:34:10,562 - Velocimacro : allowInlineToOverride = false : VMs defined inline may NOT replace previous VM definitions
2016-04-10 12:34:10,562 - Velocimacro : allowInlineLocal = false : VMs defined inline will be  global in scope if allowed.
2016-04-10 12:34:10,562 - Velocimacro : messages on  : VM system will output logging messages
2016-04-10 12:34:10,563 - Velocimacro : autoload off  : VM system will not automatically reload global library macros
2016-04-10 12:34:10,563 - Velocimacro : initialization complete.
2016-04-10 12:34:10,563 - Velocity successfully started.
2016-04-10 12:37:35,259 - SimpleLog4JLogSystem initialized using logfile 'velocity.log'
2016-04-10 12:37:35,259 - ************************************************************** 
2016-04-10 12:37:35,259 - Starting Jakarta Velocity v1.4
2016-04-10 12:37:35,259 - RuntimeInstance initializing.
2016-04-10 12:37:35,259 - Default Properties File: org/apache/velocity/runtime/defaults/velocity.properties
2016-04-10 12:37:35,259 - Trying to use logger class org.apache.velocity.runtime.log.SimpleLog4JLogSystem
2016-04-10 12:37:35,259 - Using logger class org.apache.velocity.runtime.log.SimpleLog4JLogSystem
2016-04-10 12:37:35,263 - Default ResourceManager initializing. (class org.apache.velocity.runtime.resource.ResourceManagerImpl)
2016-04-10 12:37:35,267 - Resource Loader Instantiated: org.apache.velocity.runtime.resource.loader.ClasspathResourceLoader
2016-04-10 12:37:35,267 - ClasspathResourceLoader : initialization starting.
2016-04-10 12:37:35,267 - ClasspathResourceLoader : initialization complete.
2016-04-10 12:37:35,269 - ResourceCache : initialized. (class org.apache.velocity.runtime.resource.ResourceCacheImpl)
2016-04-10 12:37:35,269 - Default ResourceManager initialization complete.
2016-04-10 12:37:35,272 - Loaded System Directive: org.apache.velocity.runtime.directive.Literal
2016-04-10 12:37:35,274 - Loaded System Directive: org.apache.velocity.runtime.directive.Macro
2016-04-10 12:37:35,278 - Loaded System Directive: org.apache.velocity.runtime.directive.Parse
2016-04-10 12:37:35,280 - Loaded System Directive: org.apache.velocity.runtime.directive.Include
2016-04-10 12:37:35,281 - Loaded System Directive: org.apache.velocity.runtime.directive.Foreach
2016-04-10 12:37:35,321 - Created: 20 parsers.
2016-04-10 12:37:35,327 - Velocimacro : initialization starting.
2016-04-10 12:37:35,327 - Velocimacro : adding VMs from VM library template : VM_global_library.vm
2016-04-10 12:37:35,330 - ResourceManager : unable to find resource 'VM_global_library.vm' in any resource loader.
2016-04-10 12:37:35,330 - Velocimacro : error using  VM library template VM_global_library.vm : org.apache.velocity.exception.ResourceNotFoundException: Unable to find resource 'VM_global_library.vm'
2016-04-10 12:37:35,330 - Velocimacro :  VM library template macro registration complete.
2016-04-10 12:37:35,330 - Velocimacro : allowInline = true : VMs can be defined inline in templates
2016-04-10 12:37:35,330 - Velocimacro : allowInlineToOverride = false : VMs defined inline may NOT replace previous VM definitions
2016-04-10 12:37:35,330 - Velocimacro : allowInlineLocal = false : VMs defined inline will be  global in scope if allowed.
2016-04-10 12:37:35,330 - Velocimacro : messages on  : VM system will output logging messages
2016-04-10 12:37:35,330 - Velocimacro : autoload off  : VM system will not automatically reload global library macros
2016-04-10 12:37:35,330 - Velocimacro : initialization complete.
2016-04-10 12:37:35,330 - Velocity successfully started.
2016-04-10 12:43:19,325 - SimpleLog4JLogSystem initialized using logfile 'velocity.log'
2016-04-10 12:43:19,326 - ************************************************************** 
2016-04-10 12:43:19,326 - Starting Jakarta Velocity v1.4
2016-04-10 12:43:19,326 - RuntimeInstance initializing.
2016-04-10 12:43:19,326 - Default Properties File: org/apache/velocity/runtime/defaults/velocity.properties
2016-04-10 12:43:19,326 - Trying to use logger class org.apache.velocity.runtime.log.SimpleLog4JLogSystem
2016-04-10 12:43:19,326 - Using logger class org.apache.velocity.runtime.log.SimpleLog4JLogSystem
2016-04-10 12:43:19,329 - Default ResourceManager initializing. (class org.apache.velocity.runtime.resource.ResourceManagerImpl)
2016-04-10 12:43:19,332 - Resource Loader Instantiated: org.apache.velocity.runtime.resource.loader.ClasspathResourceLoader
2016-04-10 12:43:19,332 - ClasspathResourceLoader : initialization starting.
2016-04-10 12:43:19,332 - ClasspathResourceLoader : initialization complete.
2016-04-10 12:43:19,333 - ResourceCache : initialized. (class org.apache.velocity.runtime.resource.ResourceCacheImpl)
2016-04-10 12:43:19,333 - Default ResourceManager initialization complete.
2016-04-10 12:43:19,335 - Loaded System Directive: org.apache.velocity.runtime.directive.Literal
2016-04-10 12:43:19,337 - Loaded System Directive: org.apache.velocity.runtime.directive.Macro
2016-04-10 12:43:19,339 - Loaded System Directive: org.apache.velocity.runtime.directive.Parse
2016-04-10 12:43:19,341 - Loaded System Directive: org.apache.velocity.runtime.directive.Include
2016-04-10 12:43:19,342 - Loaded System Directive: org.apache.velocity.runtime.directive.Foreach
2016-04-10 12:43:19,367 - Created: 20 parsers.
2016-04-10 12:43:19,374 - Velocimacro : initialization starting.
2016-04-10 12:43:19,374 - Velocimacro : adding VMs from VM library template : VM_global_library.vm
2016-04-10 12:43:19,378 - ResourceManager : unable to find resource 'VM_global_library.vm' in any resource loader.
2016-04-10 12:43:19,378 - Velocimacro : error using  VM library template VM_global_library.vm : org.apache.velocity.exception.ResourceNotFoundException: Unable to find resource 'VM_global_library.vm'
2016-04-10 12:43:19,378 - Velocimacro :  VM library template macro registration complete.
2016-04-10 12:43:19,378 - Velocimacro : allowInline = true : VMs can be defined inline in templates
2016-04-10 12:43:19,379 - Velocimacro : allowInlineToOverride = false : VMs defined inline may NOT replace previous VM definitions
2016-04-10 12:43:19,379 - Velocimacro : allowInlineLocal = false : VMs defined inline will be  global in scope if allowed.
2016-04-10 12:43:19,379 - Velocimacro : messages on  : VM system will output logging messages
2016-04-10 12:43:19,379 - Velocimacro : autoload off  : VM system will not automatically reload global library macros
2016-04-10 12:43:19,379 - Velocimacro : initialization complete.
2016-04-10 12:43:19,379 - Velocity successfully started.
